# Logfile created on 2016-01-22 14:13:33 +0100 by logger.rb/47272
D, [2016-01-22T14:13:33.756531 #68661] DEBUG -- : DRAGONFLY: shell command: 'identify' '-ping' '-format' '%m %w %h' '/var/folders/dr/0yjch_bx0kjdlvx7fhnrzn700000gn/T/RackMultipart20160122-68661-ryfajh.jpg'
D, [2016-01-22T14:13:33.803901 #68661] DEBUG -- : DRAGONFLY: shell command: 'convert' '/var/folders/dr/0yjch_bx0kjdlvx7fhnrzn700000gn/T/RackMultipart20160122-68661-ryfajh.jpg' '-resize' '120x120^^' '-gravity' 'Center' '-crop' '120x120+0+0' '+repage' '/var/folders/dr/0yjch_bx0kjdlvx7fhnrzn700000gn/T/dragonfly20160122-68661-87czdl.jpg'
D, [2016-01-22T14:13:33.827721 #68661] DEBUG -- : DRAGONFLY: shell command: 'identify' '-ping' '-format' '%m %w %h' '/var/folders/dr/0yjch_bx0kjdlvx7fhnrzn700000gn/T/dragonfly20160122-68661-87czdl.jpg'
D, [2016-01-22T14:17:45.185794 #70290] DEBUG -- : DRAGONFLY: shell command: 'identify' '-ping' '-format' '%m %w %h' '/var/folders/dr/0yjch_bx0kjdlvx7fhnrzn700000gn/T/RackMultipart20160122-70290-1wkn9cf.png'
D, [2016-01-22T14:17:45.227736 #70290] DEBUG -- : DRAGONFLY: shell command: 'convert' '/var/folders/dr/0yjch_bx0kjdlvx7fhnrzn700000gn/T/RackMultipart20160122-70290-1wkn9cf.png' '-resize' '120x120^^' '-gravity' 'Center' '-crop' '120x120+0+0' '+repage' '/var/folders/dr/0yjch_bx0kjdlvx7fhnrzn700000gn/T/dragonfly20160122-70290-1fypaan.png'
D, [2016-01-22T14:17:45.316762 #70290] DEBUG -- : DRAGONFLY: shell command: 'identify' '-ping' '-format' '%m %w %h' '/var/folders/dr/0yjch_bx0kjdlvx7fhnrzn700000gn/T/dragonfly20160122-70290-1fypaan.png'
D, [2016-01-22T14:18:04.771744 #70290] DEBUG -- : DRAGONFLY: shell command: 'identify' '-ping' '-format' '%m %w %h' '/var/folders/dr/0yjch_bx0kjdlvx7fhnrzn700000gn/T/RackMultipart20160122-70290-i9raxb.jpg'
D, [2016-01-22T14:18:04.788224 #70290] DEBUG -- : DRAGONFLY: shell command: 'convert' '/var/folders/dr/0yjch_bx0kjdlvx7fhnrzn700000gn/T/RackMultipart20160122-70290-i9raxb.jpg' '-resize' '120x120^^' '-gravity' 'Center' '-crop' '120x120+0+0' '+repage' '/var/folders/dr/0yjch_bx0kjdlvx7fhnrzn700000gn/T/dragonfly20160122-70290-1w9gwta.jpg'
D, [2016-01-22T14:18:04.809015 #70290] DEBUG -- : DRAGONFLY: shell command: 'identify' '-ping' '-format' '%m %w %h' '/var/folders/dr/0yjch_bx0kjdlvx7fhnrzn700000gn/T/dragonfly20160122-70290-1w9gwta.jpg'
D, [2016-01-22T16:52:51.473244 #72278] DEBUG -- : DRAGONFLY: shell command: 'identify' '-ping' '-format' '%m %w %h' '/var/folders/dr/0yjch_bx0kjdlvx7fhnrzn700000gn/T/RackMultipart20160122-72278-lv09f2.jpg'
D, [2016-01-22T16:52:51.528112 #72278] DEBUG -- : DRAGONFLY: shell command: 'convert' '/var/folders/dr/0yjch_bx0kjdlvx7fhnrzn700000gn/T/RackMultipart20160122-72278-lv09f2.jpg' '-resize' '120x120^^' '-gravity' 'Center' '-crop' '120x120+0+0' '+repage' '/var/folders/dr/0yjch_bx0kjdlvx7fhnrzn700000gn/T/dragonfly20160122-72278-ks1f9h.jpg'
D, [2016-01-22T16:52:51.553199 #72278] DEBUG -- : DRAGONFLY: shell command: 'identify' '-ping' '-format' '%m %w %h' '/var/folders/dr/0yjch_bx0kjdlvx7fhnrzn700000gn/T/dragonfly20160122-72278-ks1f9h.jpg'
D, [2016-01-23T12:18:47.968653 #83793] DEBUG -- : DRAGONFLY: shell command: 'identify' '-ping' '-format' '%m %w %h' '/var/folders/dr/0yjch_bx0kjdlvx7fhnrzn700000gn/T/RackMultipart20160123-83793-1dw0o6e.jpg'
D, [2016-01-23T12:18:48.022523 #83793] DEBUG -- : DRAGONFLY: shell command: 'convert' '/var/folders/dr/0yjch_bx0kjdlvx7fhnrzn700000gn/T/RackMultipart20160123-83793-1dw0o6e.jpg' '-resize' '120x120^^' '-gravity' 'Center' '-crop' '120x120+0+0' '+repage' '/var/folders/dr/0yjch_bx0kjdlvx7fhnrzn700000gn/T/dragonfly20160123-83793-10tbhta.jpg'
D, [2016-01-23T12:18:48.066057 #83793] DEBUG -- : DRAGONFLY: shell command: 'identify' '-ping' '-format' '%m %w %h' '/var/folders/dr/0yjch_bx0kjdlvx7fhnrzn700000gn/T/dragonfly20160123-83793-10tbhta.jpg'
D, [2016-01-23T12:18:48.077129 #83793] DEBUG -- : DRAGONFLY: shell command: 'convert' '/var/folders/dr/0yjch_bx0kjdlvx7fhnrzn700000gn/T/RackMultipart20160123-83793-1dw0o6e.jpg' '-resize' '300x300^^' '-gravity' 'Center' '-crop' '300x300+0+0' '+repage' '/var/folders/dr/0yjch_bx0kjdlvx7fhnrzn700000gn/T/dragonfly20160123-83793-1c0yu41.jpg'
D, [2016-01-23T12:18:48.103735 #83793] DEBUG -- : DRAGONFLY: shell command: 'identify' '-ping' '-format' '%m %w %h' '/var/folders/dr/0yjch_bx0kjdlvx7fhnrzn700000gn/T/dragonfly20160123-83793-1c0yu41.jpg'
D, [2016-01-23T12:22:37.658517 #83793] DEBUG -- : DRAGONFLY: shell command: 'identify' '-ping' '-format' '%m %w %h' '/var/folders/dr/0yjch_bx0kjdlvx7fhnrzn700000gn/T/RackMultipart20160123-83793-xszalu.jpg'
D, [2016-01-23T12:22:37.670309 #83793] DEBUG -- : DRAGONFLY: shell command: 'convert' '/var/folders/dr/0yjch_bx0kjdlvx7fhnrzn700000gn/T/RackMultipart20160123-83793-xszalu.jpg' '-resize' '120x120^^' '-gravity' 'Center' '-crop' '120x120+0+0' '+repage' '/var/folders/dr/0yjch_bx0kjdlvx7fhnrzn700000gn/T/dragonfly20160123-83793-1f4y5qr.jpg'
D, [2016-01-23T12:22:37.687893 #83793] DEBUG -- : DRAGONFLY: shell command: 'identify' '-ping' '-format' '%m %w %h' '/var/folders/dr/0yjch_bx0kjdlvx7fhnrzn700000gn/T/dragonfly20160123-83793-1f4y5qr.jpg'
D, [2016-01-23T12:22:37.700507 #83793] DEBUG -- : DRAGONFLY: shell command: 'convert' '/var/folders/dr/0yjch_bx0kjdlvx7fhnrzn700000gn/T/RackMultipart20160123-83793-xszalu.jpg' '-resize' '300x300^^' '-gravity' 'Center' '-crop' '300x300+0+0' '+repage' '/var/folders/dr/0yjch_bx0kjdlvx7fhnrzn700000gn/T/dragonfly20160123-83793-5leyim.jpg'
D, [2016-01-23T12:22:37.743721 #83793] DEBUG -- : DRAGONFLY: shell command: 'identify' '-ping' '-format' '%m %w %h' '/var/folders/dr/0yjch_bx0kjdlvx7fhnrzn700000gn/T/dragonfly20160123-83793-5leyim.jpg'
W, [2016-01-23T12:27:56.258951 #84551]  WARN -- : DRAGONFLY: Dragonfly::FileDataStore destroy error: No such file or directory @ unlink_internal - public/images/original-contributor_2751_195x320.jpg
D, [2016-01-23T12:27:56.259231 #84551] DEBUG -- : DRAGONFLY: shell command: 'identify' '-ping' '-format' '%m %w %h' '/var/folders/dr/0yjch_bx0kjdlvx7fhnrzn700000gn/T/RackMultipart20160123-84551-1kncn4b.png'
D, [2016-01-23T12:27:56.277563 #84551] DEBUG -- : DRAGONFLY: shell command: 'convert' '/var/folders/dr/0yjch_bx0kjdlvx7fhnrzn700000gn/T/RackMultipart20160123-84551-1kncn4b.png' '-resize' '120x120^^' '-gravity' 'Center' '-crop' '120x120+0+0' '+repage' '/var/folders/dr/0yjch_bx0kjdlvx7fhnrzn700000gn/T/dragonfly20160123-84551-5xklml.png'
W, [2016-01-23T12:27:56.328019 #84551]  WARN -- : DRAGONFLY: Dragonfly::FileDataStore destroy error: No such file or directory @ unlink_internal - public/images/thumb-contributor_2751_195x320.jpg
D, [2016-01-23T12:27:56.328265 #84551] DEBUG -- : DRAGONFLY: shell command: 'identify' '-ping' '-format' '%m %w %h' '/var/folders/dr/0yjch_bx0kjdlvx7fhnrzn700000gn/T/dragonfly20160123-84551-5xklml.png'
D, [2016-01-23T12:27:56.339310 #84551] DEBUG -- : DRAGONFLY: shell command: 'convert' '/var/folders/dr/0yjch_bx0kjdlvx7fhnrzn700000gn/T/RackMultipart20160123-84551-1kncn4b.png' '-resize' '300x300^^' '-gravity' 'Center' '-crop' '300x300+0+0' '+repage' '/var/folders/dr/0yjch_bx0kjdlvx7fhnrzn700000gn/T/dragonfly20160123-84551-fnx0a3.png'
W, [2016-01-23T12:27:56.400591 #84551]  WARN -- : DRAGONFLY: Dragonfly::FileDataStore destroy error: No such file or directory @ unlink_internal - public/images/medium-contributor_2751_195x320.jpg
D, [2016-01-23T12:27:56.400756 #84551] DEBUG -- : DRAGONFLY: shell command: 'identify' '-ping' '-format' '%m %w %h' '/var/folders/dr/0yjch_bx0kjdlvx7fhnrzn700000gn/T/dragonfly20160123-84551-fnx0a3.png'
